;  LST file generated by mikroListExporter - v.2.0 
; Date/Time: 11/08/2022 01:55:20
;----------------------------------------------

;Address Opcode 	ASM
0x0000	0xF004EF3E  	GOTO        2172
0x0004	0x0000      	NOP
0x0006	0x0000      	NOP
0x0008	0xF000EF00  	GOTO        0
0x000C	0x0000      	NOP
0x000E	0x0000      	NOP
0x0010	0x0000      	NOP
0x0012	0x0000      	NOP
0x0014	0x0000      	NOP
0x0016	0x0000      	NOP
0x0018	0xD7F3      	BRA         0
_Delay_5500us:
;__Lib_Delays.c,31 :: 		void Delay_5500us() {
;__Lib_Delays.c,32 :: 		Delay_us(5500);
0x001C	0x0E0F      	MOVLW       15
0x001E	0x6E0C      	MOVWF       R12, 0
0x0020	0x0E47      	MOVLW       71
0x0022	0x6E0D      	MOVWF       R13, 0
L_Delay_5500us5:
0x0024	0x2E0D      	DECFSZ      R13, 1, 0
0x0026	0xD7FE      	BRA         L_Delay_5500us5
0x0028	0x2E0C      	DECFSZ      R12, 1, 0
0x002A	0xD7FC      	BRA         L_Delay_5500us5
0x002C	0x0000      	NOP
0x002E	0x0000      	NOP
;__Lib_Delays.c,33 :: 		}
L_end_Delay_5500us:
0x0030	0x0012      	RETURN      0
; end of _Delay_5500us
_Delay_1us:
;__Lib_Delays.c,7 :: 		void Delay_1us() {
;__Lib_Delays.c,8 :: 		Delay_us(1);
0x0032	0x0000      	NOP
0x0034	0x0000      	NOP
;__Lib_Delays.c,9 :: 		}
L_end_Delay_1us:
0x0036	0x0012      	RETURN      0
; end of _Delay_1us
_Delay_50us:
;__Lib_Delays.c,19 :: 		void Delay_50us() {
;__Lib_Delays.c,20 :: 		Delay_us(50);
0x0038	0x0E21      	MOVLW       33
0x003A	0x6E0D      	MOVWF       R13, 0
L_Delay_50us2:
0x003C	0x2E0D      	DECFSZ      R13, 1, 0
0x003E	0xD7FE      	BRA         L_Delay_50us2
;__Lib_Delays.c,21 :: 		}
L_end_Delay_50us:
0x0040	0x0012      	RETURN      0
; end of _Delay_50us
_UART1_Write:
;__Lib_UART_c67d67.c,63 :: 		
;__Lib_UART_c67d67.c,64 :: 		
L_UART1_Write3:
0x0042	0xB2AC      	BTFSC       TXSTA, 1 
0x0044	0xD002      	BRA         L_UART1_Write4
;__Lib_UART_c67d67.c,65 :: 		
0x0046	0x0000      	NOP
0x0048	0xD7FC      	BRA         L_UART1_Write3
L_UART1_Write4:
;__Lib_UART_c67d67.c,66 :: 		
0x004A	0xFFADC061  	MOVFF       FARG_UART1_Write_data_, TXREG
;__Lib_UART_c67d67.c,67 :: 		
L_end_UART1_Write:
0x004E	0x0012      	RETURN      0
; end of _UART1_Write
_Lcd_Cmd:
;__Lib_Lcd.c,18 :: 		
;__Lib_Lcd.c,20 :: 		
0x0050	0x0100      	MOVLB       0
0x0052	0xBF61      	BTFSC       FARG_Lcd_Cmd_out_char, 7, 1
0x0054	0xD002      	BRA         L__Lcd_Cmd21
0x0056	0x9E83      	BCF         LCD_D7, BitPos(LCD_D7+0) 
0x0058	0xD001      	BRA         L__Lcd_Cmd22
L__Lcd_Cmd21:
0x005A	0x8E83      	BSF         LCD_D7, BitPos(LCD_D7+0) 
L__Lcd_Cmd22:
;__Lib_Lcd.c,21 :: 		
0x005C	0xBD61      	BTFSC       FARG_Lcd_Cmd_out_char, 6, 1
0x005E	0xD002      	BRA         L__Lcd_Cmd23
0x0060	0x9C83      	BCF         LCD_D6, BitPos(LCD_D6+0) 
0x0062	0xD001      	BRA         L__Lcd_Cmd24
L__Lcd_Cmd23:
0x0064	0x8C83      	BSF         LCD_D6, BitPos(LCD_D6+0) 
L__Lcd_Cmd24:
;__Lib_Lcd.c,22 :: 		
0x0066	0xBB61      	BTFSC       FARG_Lcd_Cmd_out_char, 5, 1
0x0068	0xD002      	BRA         L__Lcd_Cmd25
0x006A	0x9A83      	BCF         LCD_D5, BitPos(LCD_D5+0) 
0x006C	0xD001      	BRA         L__Lcd_Cmd26
L__Lcd_Cmd25:
0x006E	0x8A83      	BSF         LCD_D5, BitPos(LCD_D5+0) 
L__Lcd_Cmd26:
;__Lib_Lcd.c,23 :: 		
0x0070	0xB961      	BTFSC       FARG_Lcd_Cmd_out_char, 4, 1
0x0072	0xD002      	BRA         L__Lcd_Cmd27
0x0074	0x9883      	BCF         LCD_D4, BitPos(LCD_D4+0) 
0x0076	0xD001      	BRA         L__Lcd_Cmd28
L__Lcd_Cmd27:
0x0078	0x8883      	BSF         LCD_D4, BitPos(LCD_D4+0) 
L__Lcd_Cmd28:
;__Lib_Lcd.c,25 :: 		
0x007A	0xB03D      	BTFSC       __Lib_Lcd_cmd_status, BitPos(__Lib_Lcd_cmd_status+0) 
0x007C	0xD002      	BRA         L__Lcd_Cmd29
0x007E	0x8484      	BSF         LCD_RS, BitPos(LCD_RS+0) 
0x0080	0xD001      	BRA         L__Lcd_Cmd30
L__Lcd_Cmd29:
0x0082	0x9484      	BCF         LCD_RS, BitPos(LCD_RS+0) 
L__Lcd_Cmd30:
;__Lib_Lcd.c,28 :: 		
0x0084	0x8284      	BSF         LCD_EN, BitPos(LCD_EN+0) 
;__Lib_Lcd.c,29 :: 		
0x0086	0xDFD5      	RCALL       _Delay_1us
;__Lib_Lcd.c,30 :: 		
0x0088	0x9284      	BCF         LCD_EN, BitPos(LCD_EN+0) 
;__Lib_Lcd.c,33 :: 		
0x008A	0xB761      	BTFSC       FARG_Lcd_Cmd_out_char, 3, 1
0x008C	0xD002      	BRA         L__Lcd_Cmd31
0x008E	0x9E83      	BCF         LCD_D7, BitPos(LCD_D7+0) 
0x0090	0xD001      	BRA         L__Lcd_Cmd32
L__Lcd_Cmd31:
0x0092	0x8E83      	BSF         LCD_D7, BitPos(LCD_D7+0) 
L__Lcd_Cmd32:
;__Lib_Lcd.c,34 :: 		
0x0094	0xB561      	BTFSC       FARG_Lcd_Cmd_out_char, 2, 1
0x0096	0xD002      	BRA         L__Lcd_Cmd33
0x0098	0x9C83      	BCF         LCD_D6, BitPos(LCD_D6+0) 
0x009A	0xD001      	BRA         L__Lcd_Cmd34
L__Lcd_Cmd33:
0x009C	0x8C83      	BSF         LCD_D6, BitPos(LCD_D6+0) 
L__Lcd_Cmd34:
;__Lib_Lcd.c,35 :: 		
0x009E	0xB361      	BTFSC       FARG_Lcd_Cmd_out_char, 1, 1
0x00A0	0xD002      	BRA         L__Lcd_Cmd35
0x00A2	0x9A83      	BCF         LCD_D5, BitPos(LCD_D5+0) 
0x00A4	0xD001      	BRA         L__Lcd_Cmd36
L__Lcd_Cmd35:
0x00A6	0x8A83      	BSF         LCD_D5, BitPos(LCD_D5+0) 
L__Lcd_Cmd36:
;__Lib_Lcd.c,36 :: 		
0x00A8	0xB161      	BTFSC       FARG_Lcd_Cmd_out_char, 0, 1
0x00AA	0xD002      	BRA         L__Lcd_Cmd37
0x00AC	0x9883      	BCF         LCD_D4, BitPos(LCD_D4+0) 
0x00AE	0xD001      	BRA         L__Lcd_Cmd38
L__Lcd_Cmd37:
0x00B0	0x8883      	BSF         LCD_D4, BitPos(LCD_D4+0) 
L__Lcd_Cmd38:
;__Lib_Lcd.c,38 :: 		
0x00B2	0xB03D      	BTFSC       __Lib_Lcd_cmd_status, BitPos(__Lib_Lcd_cmd_status+0) 
0x00B4	0xD002      	BRA         L__Lcd_Cmd39
0x00B6	0x8484      	BSF         LCD_RS, BitPos(LCD_RS+0) 
0x00B8	0xD001      	BRA         L__Lcd_Cmd40
L__Lcd_Cmd39:
0x00BA	0x9484      	BCF         LCD_RS, BitPos(LCD_RS+0) 
L__Lcd_Cmd40:
;__Lib_Lcd.c,40 :: 		
0x00BC	0x8284      	BSF         LCD_EN, BitPos(LCD_EN+0) 
;__Lib_Lcd.c,41 :: 		
0x00BE	0xDFB9      	RCALL       _Delay_1us
;__Lib_Lcd.c,42 :: 		
0x00C0	0x9284      	BCF         LCD_EN, BitPos(LCD_EN+0) 
;__Lib_Lcd.c,44 :: 		
0x00C2	0xA03D      	BTFSS       __Lib_Lcd_cmd_status, BitPos(__Lib_Lcd_cmd_status+0) 
0x00C4	0xD002      	BRA         L_Lcd_Cmd0
;__Lib_Lcd.c,45 :: 		
0x00C6	0xDFAA      	RCALL       _Delay_5500us
0x00C8	0xD001      	BRA         L_Lcd_Cmd1
L_Lcd_Cmd0:
;__Lib_Lcd.c,47 :: 		
0x00CA	0xDFB6      	RCALL       _Delay_50us
L_Lcd_Cmd1:
;__Lib_Lcd.c,48 :: 		
L_end_Lcd_Cmd:
0x00CC	0x0012      	RETURN      0
; end of _Lcd_Cmd
_Lcd_Chr_CP:
;__Lib_Lcd.c,50 :: 		
;__Lib_Lcd.c,52 :: 		
0x00CE	0x903D      	BCF         __Lib_Lcd_cmd_status, BitPos(__Lib_Lcd_cmd_status+0) 
;__Lib_Lcd.c,53 :: 		
0x00D0	0xF061C05D  	MOVFF       FARG_Lcd_Chr_CP_out_char, FARG_Lcd_Cmd_out_char
0x00D4	0xDFBD      	RCALL       _Lcd_Cmd
;__Lib_Lcd.c,54 :: 		
0x00D6	0x803D      	BSF         __Lib_Lcd_cmd_status, BitPos(__Lib_Lcd_cmd_status+0) 
;__Lib_Lcd.c,55 :: 		
L_end_Lcd_Chr_CP:
0x00D8	0x0012      	RETURN      0
; end of _Lcd_Chr_CP
_UART1_Write_Text:
;__Lib_UART_c67d67.c,71 :: 		
;__Lib_UART_c67d67.c,72 :: 		
0x00DA	0x0100      	MOVLB       0
0x00DC	0x6B60      	CLRF        UART1_Write_Text_counter_L0, 1
;__Lib_UART_c67d67.c,74 :: 		
0x00DE	0xFFE9C05D  	MOVFF       FARG_UART1_Write_Text_uart_text, FSR0L
0x00E2	0xFFEAC05E  	MOVFF       FARG_UART1_Write_Text_uart_text+1, FSR0H
0x00E6	0xF05FCFEE  	MOVFF       POSTINC0, UART1_Write_Text_data__L0
;__Lib_UART_c67d67.c,75 :: 		
L_UART1_Write_Text5:
0x00EA	0x505F      	MOVF        UART1_Write_Text_data__L0, 0 
0x00EC	0x0A00      	XORLW       0
0x00EE	0xE00E      	BZ          L_UART1_Write_Text6
;__Lib_UART_c67d67.c,76 :: 		
0x00F0	0xF061C05F  	MOVFF       UART1_Write_Text_data__L0, FARG_UART1_Write_data_
0x00F4	0xDFA6      	RCALL       _UART1_Write
;__Lib_UART_c67d67.c,77 :: 		
0x00F6	0x0100      	MOVLB       0
0x00F8	0x2B60      	INCF        UART1_Write_Text_counter_L0, 1, 1
;__Lib_UART_c67d67.c,78 :: 		
0x00FA	0x5160      	MOVF        UART1_Write_Text_counter_L0, 0, 1
0x00FC	0x245D      	ADDWF       FARG_UART1_Write_Text_uart_text, 0 
0x00FE	0x6EE9      	MOVWF       FSR0L 
0x0100	0x0E00      	MOVLW       0
0x0102	0x205E      	ADDWFC      FARG_UART1_Write_Text_uart_text+1, 0 
0x0104	0x6EEA      	MOVWF       FSR0L+1 
0x0106	0xF05FCFEE  	MOVFF       POSTINC0, UART1_Write_Text_data__L0
;__Lib_UART_c67d67.c,79 :: 		
0x010A	0xD7EF      	BRA         L_UART1_Write_Text5
L_UART1_Write_Text6:
;__Lib_UART_c67d67.c,80 :: 		
L_end_UART1_Write_Text:
0x010C	0x0012      	RETURN      0
; end of _UART1_Write_Text
_Lcd_Out_CP:
;__Lib_Lcd.c,57 :: 		
;__Lib_Lcd.c,59 :: 		
0x010E	0x6A5A      	CLRF        Lcd_Out_CP_i_L0 
;__Lib_Lcd.c,60 :: 		
L_Lcd_Out_CP2:
0x0110	0x505A      	MOVF        Lcd_Out_CP_i_L0, 0 
0x0112	0x2458      	ADDWF       FARG_Lcd_Out_CP_text, 0 
0x0114	0x6EE9      	MOVWF       FSR0L 
0x0116	0x0E00      	MOVLW       0
0x0118	0x2059      	ADDWFC      FARG_Lcd_Out_CP_text+1, 0 
0x011A	0x6EEA      	MOVWF       FSR0L+1 
0x011C	0x52EE      	MOVF        POSTINC0, 1 
0x011E	0xE00B      	BZ          L_Lcd_Out_CP3
;__Lib_Lcd.c,61 :: 		
0x0120	0x505A      	MOVF        Lcd_Out_CP_i_L0, 0 
0x0122	0x2458      	ADDWF       FARG_Lcd_Out_CP_text, 0 
0x0124	0x6EE9      	MOVWF       FSR0L 
0x0126	0x0E00      	MOVLW       0
0x0128	0x2059      	ADDWFC      FARG_Lcd_Out_CP_text+1, 0 
0x012A	0x6EEA      	MOVWF       FSR0L+1 
0x012C	0xF05DCFEE  	MOVFF       POSTINC0, FARG_Lcd_Chr_CP_out_char
0x0130	0xDFCE      	RCALL       _Lcd_Chr_CP
0x0132	0x2A5A      	INCF        Lcd_Out_CP_i_L0, 1 
;__Lib_Lcd.c,62 :: 		
0x0134	0xD7ED      	BRA         L_Lcd_Out_CP2
L_Lcd_Out_CP3:
;__Lib_Lcd.c,63 :: 		
L_end_Lcd_Out_CP:
0x0136	0x0012      	RETURN      0
; end of _Lcd_Out_CP
_check_button:
;keboard.c,13 :: 		unsigned char check_button(button * b){
;keboard.c,14 :: 		if(b->locked && (0 == (PORTB & (1<<b->index)))){
0x0138	0x0E01      	MOVLW       1
0x013A	0x2458      	ADDWF       FARG_check_button_b, 0 
0x013C	0x6EE9      	MOVWF       FSR0L 
0x013E	0x0E00      	MOVLW       0
0x0140	0x2059      	ADDWFC      FARG_check_button_b+1, 0 
0x0142	0x6EEA      	MOVWF       FSR0L+1 
0x0144	0x52EE      	MOVF        POSTINC0, 1 
0x0146	0xE05C      	BZ          L_check_button5
0x0148	0x0E02      	MOVLW       2
0x014A	0x2458      	ADDWF       FARG_check_button_b, 0 
0x014C	0x6ED9      	MOVWF       FSR2L 
0x014E	0x0E00      	MOVLW       0
0x0150	0x2059      	ADDWFC      FARG_check_button_b+1, 0 
0x0152	0x6EDA      	MOVWF       FSR2L+1 
0x0154	0xF000CFDE  	MOVFF       POSTINC2, R0
0x0158	0xF002C000  	MOVFF       R0, R2
0x015C	0x0E01      	MOVLW       1
0x015E	0x6E00      	MOVWF       R0 
0x0160	0x0E00      	MOVLW       0
0x0162	0x6E01      	MOVWF       R1 
0x0164	0x5002      	MOVF        R2, 0 
L__check_button49:
0x0166	0xE005      	BZ          L__check_button50
0x0168	0x3600      	RLCF        R0, 1 
0x016A	0x9000      	BCF         R0, 0 
0x016C	0x3601      	RLCF        R1, 1 
0x016E	0x0FFF      	ADDLW       255
0x0170	0xD7FA      	BRA         L__check_button49
L__check_button50:
0x0172	0x5000      	MOVF        R0, 0 
0x0174	0x1481      	ANDWF       PORTB, 0 
0x0176	0x6E02      	MOVWF       R2 
0x0178	0x0E00      	MOVLW       0
0x017A	0x1401      	ANDWF       R1, 0 
0x017C	0x6E03      	MOVWF       R3 
0x017E	0x0E00      	MOVLW       0
0x0180	0x1803      	XORWF       R3, 0 
0x0182	0xE102      	BNZ         L__check_button51
0x0184	0x5002      	MOVF        R2, 0 
0x0186	0x0A00      	XORLW       0
L__check_button51:
0x0188	0xE13B      	BNZ         L_check_button5
L__check_button44:
;keboard.c,15 :: 		delay_ms(20);
0x018A	0x0E34      	MOVLW       52
0x018C	0x6E0C      	MOVWF       R12, 0
0x018E	0x0EF1      	MOVLW       241
0x0190	0x6E0D      	MOVWF       R13, 0
L_check_button6:
0x0192	0x2E0D      	DECFSZ      R13, 1, 0
0x0194	0xD7FE      	BRA         L_check_button6
0x0196	0x2E0C      	DECFSZ      R12, 1, 0
0x0198	0xD7FC      	BRA         L_check_button6
0x019A	0x0000      	NOP
0x019C	0x0000      	NOP
;keboard.c,16 :: 		b->state = !(PORTB & 1<<b->index);
0x019E	0x0E02      	MOVLW       2
0x01A0	0x2458      	ADDWF       FARG_check_button_b, 0 
0x01A2	0x6ED9      	MOVWF       FSR2L 
0x01A4	0x0E00      	MOVLW       0
0x01A6	0x2059      	ADDWFC      FARG_check_button_b+1, 0 
0x01A8	0x6EDA      	MOVWF       FSR2L+1 
0x01AA	0xF000CFDE  	MOVFF       POSTINC2, R0
0x01AE	0xF002C000  	MOVFF       R0, R2
0x01B2	0x0E01      	MOVLW       1
0x01B4	0x6E00      	MOVWF       R0 
0x01B6	0x0E00      	MOVLW       0
0x01B8	0x6E01      	MOVWF       R1 
0x01BA	0x5002      	MOVF        R2, 0 
L__check_button52:
0x01BC	0xE005      	BZ          L__check_button53
0x01BE	0x3600      	RLCF        R0, 1 
0x01C0	0x9000      	BCF         R0, 0 
0x01C2	0x3601      	RLCF        R1, 1 
0x01C4	0x0FFF      	ADDLW       255
0x01C6	0xD7FA      	BRA         L__check_button52
L__check_button53:
0x01C8	0x5000      	MOVF        R0, 0 
0x01CA	0x1481      	ANDWF       PORTB, 0 
0x01CC	0x6E02      	MOVWF       R2 
0x01CE	0x0E00      	MOVLW       0
0x01D0	0x1401      	ANDWF       R1, 0 
0x01D2	0x6E03      	MOVWF       R3 
0x01D4	0x5002      	MOVF        R2, 0 
0x01D6	0x1003      	IORWF       R3, 0 
0x01D8	0x0E01      	MOVLW       1
0x01DA	0xA4D8      	BTFSS       STATUS, 2 
0x01DC	0x0E00      	MOVLW       0
0x01DE	0x6E00      	MOVWF       R0 
0x01E0	0xFFE1C058  	MOVFF       FARG_check_button_b, FSR1L
0x01E4	0xFFE2C059  	MOVFF       FARG_check_button_b+1, FSR1H
0x01E8	0xFFE6C000  	MOVFF       R0, POSTINC1
;keboard.c,17 :: 		b->locked = 0;
0x01EC	0x0E01      	MOVLW       1
0x01EE	0x2458      	ADDWF       FARG_check_button_b, 0 
0x01F0	0x6EE1      	MOVWF       FSR1L 
0x01F2	0x0E00      	MOVLW       0
0x01F4	0x2059      	ADDWFC      FARG_check_button_b+1, 0 
0x01F6	0x6EE2      	MOVWF       FSR1L+1 
0x01F8	0x6AE6      	CLRF        POSTINC1 
;keboard.c,18 :: 		return 1;
0x01FA	0x0E01      	MOVLW       1
0x01FC	0x6E00      	MOVWF       R0 
0x01FE	0xD02A      	BRA         L_end_check_button
;keboard.c,19 :: 		}
L_check_button5:
;keboard.c,20 :: 		else if(PORTB & 1<<b->index){
0x0200	0x0E02      	MOVLW       2
0x0202	0x2458      	ADDWF       FARG_check_button_b, 0 
0x0204	0x6ED9      	MOVWF       FSR2L 
0x0206	0x0E00      	MOVLW       0
0x0208	0x2059      	ADDWFC      FARG_check_button_b+1, 0 
0x020A	0x6EDA      	MOVWF       FSR2L+1 
0x020C	0xF000CFDE  	MOVFF       POSTINC2, R0
0x0210	0xF002C000  	MOVFF       R0, R2
0x0214	0x0E01      	MOVLW       1
0x0216	0x6E00      	MOVWF       R0 
0x0218	0x0E00      	MOVLW       0
0x021A	0x6E01      	MOVWF       R1 
0x021C	0x5002      	MOVF        R2, 0 
L__check_button54:
0x021E	0xE005      	BZ          L__check_button55
0x0220	0x3600      	RLCF        R0, 1 
0x0222	0x9000      	BCF         R0, 0 
0x0224	0x3601      	RLCF        R1, 1 
0x0226	0x0FFF      	ADDLW       255
0x0228	0xD7FA      	BRA         L__check_button54
L__check_button55:
0x022A	0x5081      	MOVF        PORTB, 0 
0x022C	0x1600      	ANDWF       R0, 1 
0x022E	0x0E00      	MOVLW       0
0x0230	0x1601      	ANDWF       R1, 1 
0x0232	0x5000      	MOVF        R0, 0 
0x0234	0x1001      	IORWF       R1, 0 
0x0236	0xE00D      	BZ          L_check_button8
;keboard.c,21 :: 		b->locked = 1;
0x0238	0x0E01      	MOVLW       1
0x023A	0x2458      	ADDWF       FARG_check_button_b, 0 
0x023C	0x6EE1      	MOVWF       FSR1L 
0x023E	0x0E00      	MOVLW       0
0x0240	0x2059      	ADDWFC      FARG_check_button_b+1, 0 
0x0242	0x6EE2      	MOVWF       FSR1L+1 
0x0244	0x0E01      	MOVLW       1
0x0246	0x6EE6      	MOVWF       POSTINC1 
;keboard.c,22 :: 		b->state = 0;
0x0248	0xFFE1C058  	MOVFF       FARG_check_button_b, FSR1L
0x024C	0xFFE2C059  	MOVFF       FARG_check_button_b+1, FSR1H
0x0250	0x6AE6      	CLRF        POSTINC1 
;keboard.c,23 :: 		}
L_check_button8:
;keboard.c,25 :: 		return 0;
0x0252	0x6A00      	CLRF        R0 
;keboard.c,26 :: 		}
L_end_check_button:
0x0254	0x0012      	RETURN      0
; end of _check_button
_send:
;keboard.c,5 :: 		void send(){
;keboard.c,8 :: 		for(i = 0; i < 4; i+=2)
0x0256	0x6A5A      	CLRF        send_i_L0 
0x0258	0x6A5B      	CLRF        send_i_L0+1 
L_send0:
0x025A	0x0E80      	MOVLW       128
0x025C	0x185B      	XORWF       send_i_L0+1, 0 
0x025E	0x6E00      	MOVWF       R0 
0x0260	0x0E80      	MOVLW       128
0x0262	0x5C00      	SUBWF       R0, 0 
0x0264	0xE102      	BNZ         L__send46
0x0266	0x0E04      	MOVLW       4
0x0268	0x5C5A      	SUBWF       send_i_L0, 0 
L__send46:
0x026A	0xE244      	BC          L_send1
;keboard.c,9 :: 		msg[i/2] = COLAPSE(m.value[i],m.value[i+1]);
0x026C	0xF000C05A  	MOVFF       send_i_L0, R0
0x0270	0xF001C05B  	MOVFF       send_i_L0+1, R1
0x0274	0x3201      	RRCF        R1, 1 
0x0276	0x3200      	RRCF        R0, 1 
0x0278	0x9E01      	BCF         R1, 7 
0x027A	0xBC01      	BTFSC       R1, 6 
0x027C	0x8E01      	BSF         R1, 7 
0x027E	0xAE01      	BTFSS       R1, 7 
0x0280	0xD003      	BRA         L__send47
0x0282	0xE302      	BNC         L__send47
0x0284	0x4A00      	INFSNZ      R0, 1 
0x0286	0x2A01      	INCF        R1, 1 
L__send47:
0x0288	0x0E58      	MOVLW       send_msg_L0
0x028A	0x2400      	ADDWF       R0, 0 
0x028C	0x6EE1      	MOVWF       FSR1L 
0x028E	0x0E00      	MOVLW       hi_addr(send_msg_L0)
0x0290	0x2001      	ADDWFC      R1, 0 
0x0292	0x6EE2      	MOVWF       FSR1L+1 
0x0294	0xF000C05A  	MOVFF       send_i_L0, R0
0x0298	0xF001C05B  	MOVFF       send_i_L0+1, R1
0x029C	0x3600      	RLCF        R0, 1 
0x029E	0x9000      	BCF         R0, 0 
0x02A0	0x3601      	RLCF        R1, 1 
0x02A2	0x0E1E      	MOVLW       _m+2
0x02A4	0x2400      	ADDWF       R0, 0 
0x02A6	0x6EE9      	MOVWF       FSR0L 
0x02A8	0x0E00      	MOVLW       hi_addr(_m+2)
0x02AA	0x2001      	ADDWFC      R1, 0 
0x02AC	0x6EEA      	MOVWF       FSR0L+1 
0x02AE	0xF000CFEE  	MOVFF       POSTINC0, R0
0x02B2	0x0E0A      	MOVLW       10
0x02B4	0x0200      	MULWF       R0 
0x02B6	0xF005CFF3  	MOVFF       PRODL, R5
0x02BA	0x0E01      	MOVLW       1
0x02BC	0x245A      	ADDWF       send_i_L0, 0 
0x02BE	0x6E03      	MOVWF       R3 
0x02C0	0x0E00      	MOVLW       0
0x02C2	0x205B      	ADDWFC      send_i_L0+1, 0 
0x02C4	0x6E04      	MOVWF       R4 
0x02C6	0xF000C003  	MOVFF       R3, R0
0x02CA	0xF001C004  	MOVFF       R4, R1
0x02CE	0x3600      	RLCF        R0, 1 
0x02D0	0x9000      	BCF         R0, 0 
0x02D2	0x3601      	RLCF        R1, 1 
0x02D4	0x0E1E      	MOVLW       _m+2
0x02D6	0x2400      	ADDWF       R0, 0 
0x02D8	0x6ED9      	MOVWF       FSR2L 
0x02DA	0x0E00      	MOVLW       hi_addr(_m+2)
0x02DC	0x2001      	ADDWFC      R1, 0 
0x02DE	0x6EDA      	MOVWF       FSR2L+1 
0x02E0	0x50DE      	MOVF        POSTINC2, 0 
0x02E2	0x2405      	ADDWF       R5, 0 
0x02E4	0x6E00      	MOVWF       R0 
0x02E6	0xFFE6C000  	MOVFF       R0, POSTINC1
;keboard.c,8 :: 		for(i = 0; i < 4; i+=2)
0x02EA	0x0E02      	MOVLW       2
0x02EC	0x265A      	ADDWF       send_i_L0, 1 
0x02EE	0x0E00      	MOVLW       0
0x02F0	0x225B      	ADDWFC      send_i_L0+1, 1 
;keboard.c,9 :: 		msg[i/2] = COLAPSE(m.value[i],m.value[i+1]);
0x02F2	0xD7B3      	BRA         L_send0
L_send1:
;keboard.c,10 :: 		UART1_Write_Text((char *)msg);
0x02F4	0x0E58      	MOVLW       send_msg_L0
0x02F6	0x6E5D      	MOVWF       FARG_UART1_Write_Text_uart_text 
0x02F8	0x0E00      	MOVLW       hi_addr(send_msg_L0)
0x02FA	0x6E5E      	MOVWF       FARG_UART1_Write_Text_uart_text+1 
0x02FC	0xDEEE      	RCALL       _UART1_Write_Text
;keboard.c,11 :: 		}
L_end_send:
0x02FE	0x0012      	RETURN      0
; end of _send
_Lcd_Out:
;__Lib_Lcd.c,184 :: 		
;__Lib_Lcd.c,187 :: 		
0x0300	0xD00F      	BRA         L_Lcd_Out11
;__Lib_Lcd.c,188 :: 		
L_Lcd_Out13:
0x0302	0x0E80      	MOVLW       128
0x0304	0x6E58      	MOVWF       FARG_Lcd_Out_row 
0x0306	0xD019      	BRA         L_Lcd_Out12
;__Lib_Lcd.c,189 :: 		
L_Lcd_Out14:
0x0308	0x0EC0      	MOVLW       192
0x030A	0x6E58      	MOVWF       FARG_Lcd_Out_row 
0x030C	0xD016      	BRA         L_Lcd_Out12
;__Lib_Lcd.c,190 :: 		
L_Lcd_Out15:
0x030E	0x0E94      	MOVLW       148
0x0310	0x6E58      	MOVWF       FARG_Lcd_Out_row 
0x0312	0xD013      	BRA         L_Lcd_Out12
;__Lib_Lcd.c,191 :: 		
L_Lcd_Out16:
0x0314	0x0ED4      	MOVLW       212
0x0316	0x6E58      	MOVWF       FARG_Lcd_Out_row 
0x0318	0xD010      	BRA         L_Lcd_Out12
;__Lib_Lcd.c,192 :: 		
L_Lcd_Out17:
0x031A	0x0E80      	MOVLW       128
0x031C	0x6E58      	MOVWF       FARG_Lcd_Out_row 
;__Lib_Lcd.c,193 :: 		
0x031E	0xD00D      	BRA         L_Lcd_Out12
L_Lcd_Out11:
0x0320	0x5058      	MOVF        FARG_Lcd_Out_row, 0 
0x0322	0x0A01      	XORLW       1
0x0324	0xE0EE      	BZ          L_Lcd_Out13
0x0326	0x5058      	MOVF        FARG_Lcd_Out_row, 0 
0x0328	0x0A02      	XORLW       2
0x032A	0xE0EE      	BZ          L_Lcd_Out14
0x032C	0x5058      	MOVF        FARG_Lcd_Out_row, 0 
0x032E	0x0A03      	XORLW       3
0x0330	0xE0EE      	BZ          L_Lcd_Out15
0x0332	0x5058      	MOVF        FARG_Lcd_Out_row, 0 
0x0334	0x0A04      	XORLW       4
0x0336	0xE0EE      	BZ          L_Lcd_Out16
0x0338	0xD7F0      	BRA         L_Lcd_Out17
L_Lcd_Out12:
;__Lib_Lcd.c,194 :: 		
0x033A	0x0459      	DECF        FARG_Lcd_Out_column, 0 
0x033C	0x6E00      	MOVWF       R0 
0x033E	0x5058      	MOVF        FARG_Lcd_Out_row, 0 
0x0340	0x2600      	ADDWF       R0, 1 
0x0342	0xF058C000  	MOVFF       R0, FARG_Lcd_Out_row
;__Lib_Lcd.c,196 :: 		
0x0346	0xF061C000  	MOVFF       R0, FARG_Lcd_Cmd_out_char
0x034A	0xDE82      	RCALL       _Lcd_Cmd
;__Lib_Lcd.c,197 :: 		
0x034C	0x903D      	BCF         __Lib_Lcd_cmd_status, BitPos(__Lib_Lcd_cmd_status+0) 
;__Lib_Lcd.c,198 :: 		
0x034E	0x6A5C      	CLRF        Lcd_Out_i_L0 
;__Lib_Lcd.c,199 :: 		
L_Lcd_Out18:
0x0350	0x505C      	MOVF        Lcd_Out_i_L0, 0 
0x0352	0x245A      	ADDWF       FARG_Lcd_Out_text, 0 
0x0354	0x6EE9      	MOVWF       FSR0L 
0x0356	0x0E00      	MOVLW       0
0x0358	0x205B      	ADDWFC      FARG_Lcd_Out_text+1, 0 
0x035A	0x6EEA      	MOVWF       FSR0L+1 
0x035C	0x52EE      	MOVF        POSTINC0, 1 
0x035E	0xE00B      	BZ          L_Lcd_Out19
;__Lib_Lcd.c,200 :: 		
0x0360	0x505C      	MOVF        Lcd_Out_i_L0, 0 
0x0362	0x245A      	ADDWF       FARG_Lcd_Out_text, 0 
0x0364	0x6EE9      	MOVWF       FSR0L 
0x0366	0x0E00      	MOVLW       0
0x0368	0x205B      	ADDWFC      FARG_Lcd_Out_text+1, 0 
0x036A	0x6EEA      	MOVWF       FSR0L+1 
0x036C	0xF05DCFEE  	MOVFF       POSTINC0, FARG_Lcd_Chr_CP_out_char
0x0370	0xDEAE      	RCALL       _Lcd_Chr_CP
0x0372	0x2A5C      	INCF        Lcd_Out_i_L0, 1 
0x0374	0xD7ED      	BRA         L_Lcd_Out18
L_Lcd_Out19:
;__Lib_Lcd.c,201 :: 		
0x0376	0x803D      	BSF         __Lib_Lcd_cmd_status, BitPos(__Lib_Lcd_cmd_status+0) 
;__Lib_Lcd.c,202 :: 		
L_end_Lcd_Out:
0x0378	0x0012      	RETURN      0
; end of _Lcd_Out
_Lcd_Init:
;__Lib_Lcd.c,84 :: 		
;__Lib_Lcd.c,86 :: 		
0x037A	0x9296      	BCF         LCD_EN_Direction, BitPos(LCD_EN_Direction+0) 
;__Lib_Lcd.c,87 :: 		
0x037C	0x9496      	BCF         LCD_RS_Direction, BitPos(LCD_RS_Direction+0) 
;__Lib_Lcd.c,88 :: 		
0x037E	0x9895      	BCF         LCD_D4_Direction, BitPos(LCD_D4_Direction+0) 
;__Lib_Lcd.c,89 :: 		
0x0380	0x9A95      	BCF         LCD_D5_Direction, BitPos(LCD_D5_Direction+0) 
;__Lib_Lcd.c,90 :: 		
0x0382	0x9C95      	BCF         LCD_D6_Direction, BitPos(LCD_D6_Direction+0) 
;__Lib_Lcd.c,91 :: 		
0x0384	0x9E95      	BCF         LCD_D7_Direction, BitPos(LCD_D7_Direction+0) 
;__Lib_Lcd.c,93 :: 		
0x0386	0x9284      	BCF         LCD_EN, BitPos(LCD_EN+0) 
;__Lib_Lcd.c,94 :: 		
0x0388	0x9484      	BCF         LCD_RS, BitPos(LCD_RS+0) 
;__Lib_Lcd.c,95 :: 		
0x038A	0x9E83      	BCF         LCD_D7, BitPos(LCD_D7+0) 
;__Lib_Lcd.c,96 :: 		
0x038C	0x9C83      	BCF         LCD_D6, BitPos(LCD_D6+0) 
;__Lib_Lcd.c,97 :: 		
0x038E	0x9A83      	BCF         LCD_D5, BitPos(LCD_D5+0) 
;__Lib_Lcd.c,98 :: 		
0x0390	0x9883      	BCF         LCD_D4, BitPos(LCD_D4+0) 
;__Lib_Lcd.c,100 :: 		
0x0392	0xDE44      	RCALL       _Delay_5500us
;__Lib_Lcd.c,101 :: 		
0x0394	0xDE43      	RCALL       _Delay_5500us
;__Lib_Lcd.c,102 :: 		
0x0396	0xDE42      	RCALL       _Delay_5500us
;__Lib_Lcd.c,105 :: 		
0x0398	0x8A83      	BSF         LCD_D5, BitPos(LCD_D5+0) 
;__Lib_Lcd.c,106 :: 		
0x039A	0x8883      	BSF         LCD_D4, BitPos(LCD_D4+0) 
;__Lib_Lcd.c,107 :: 		
0x039C	0x8284      	BSF         LCD_EN, BitPos(LCD_EN+0) 
;__Lib_Lcd.c,108 :: 		
0x039E	0xDE49      	RCALL       _Delay_1us
;__Lib_Lcd.c,109 :: 		
0x03A0	0x9284      	BCF         LCD_EN, BitPos(LCD_EN+0) 
;__Lib_Lcd.c,110 :: 		
0x03A2	0xDE3C      	RCALL       _Delay_5500us
;__Lib_Lcd.c,112 :: 		
0x03A4	0x8284      	BSF         LCD_EN, BitPos(LCD_EN+0) 
;__Lib_Lcd.c,113 :: 		
0x03A6	0xDE45      	RCALL       _Delay_1us
;__Lib_Lcd.c,114 :: 		
0x03A8	0x9284      	BCF         LCD_EN, BitPos(LCD_EN+0) 
;__Lib_Lcd.c,115 :: 		
0x03AA	0xDE38      	RCALL       _Delay_5500us
;__Lib_Lcd.c,117 :: 		
0x03AC	0x8284      	BSF         LCD_EN, BitPos(LCD_EN+0) 
;__Lib_Lcd.c,118 :: 		
0x03AE	0xDE41      	RCALL       _Delay_1us
;__Lib_Lcd.c,119 :: 		
0x03B0	0x9284      	BCF         LCD_EN, BitPos(LCD_EN+0) 
;__Lib_Lcd.c,120 :: 		
0x03B2	0xDE34      	RCALL       _Delay_5500us
;__Lib_Lcd.c,123 :: 		
0x03B4	0x9883      	BCF         LCD_D4, BitPos(LCD_D4+0) 
;__Lib_Lcd.c,124 :: 		
0x03B6	0x8284      	BSF         LCD_EN, BitPos(LCD_EN+0) 
;__Lib_Lcd.c,125 :: 		
0x03B8	0xDE3C      	RCALL       _Delay_1us
;__Lib_Lcd.c,126 :: 		
0x03BA	0x9284      	BCF         LCD_EN, BitPos(LCD_EN+0) 
;__Lib_Lcd.c,127 :: 		
0x03BC	0xDE2F      	RCALL       _Delay_5500us
;__Lib_Lcd.c,130 :: 		
0x03BE	0x8284      	BSF         LCD_EN, BitPos(LCD_EN+0) 
;__Lib_Lcd.c,131 :: 		
0x03C0	0xDE38      	RCALL       _Delay_1us
;__Lib_Lcd.c,132 :: 		
0x03C2	0x9284      	BCF         LCD_EN, BitPos(LCD_EN+0) 
;__Lib_Lcd.c,134 :: 		
0x03C4	0x9A83      	BCF         LCD_D5, BitPos(LCD_D5+0) 
;__Lib_Lcd.c,135 :: 		
0x03C6	0x8E83      	BSF         LCD_D7, BitPos(LCD_D7+0) 
;__Lib_Lcd.c,136 :: 		
0x03C8	0x8284      	BSF         LCD_EN, BitPos(LCD_EN+0) 
;__Lib_Lcd.c,137 :: 		
0x03CA	0xDE33      	RCALL       _Delay_1us
;__Lib_Lcd.c,138 :: 		
0x03CC	0x9284      	BCF         LCD_EN, BitPos(LCD_EN+0) 
;__Lib_Lcd.c,139 :: 		
0x03CE	0xDE26      	RCALL       _Delay_5500us
;__Lib_Lcd.c,142 :: 		
0x03D0	0x9E83      	BCF         LCD_D7, BitPos(LCD_D7+0) 
;__Lib_Lcd.c,143 :: 		
0x03D2	0x8883      	BSF         LCD_D4, BitPos(LCD_D4+0) 
;__Lib_Lcd.c,144 :: 		
0x03D4	0x8284      	BSF         LCD_EN, BitPos(LCD_EN+0) 
;__Lib_Lcd.c,145 :: 		
0x03D6	0xDE2D      	RCALL       _Delay_1us
;__Lib_Lcd.c,146 :: 		
0x03D8	0x9284      	BCF         LCD_EN, BitPos(LCD_EN+0) 
;__Lib_Lcd.c,148 :: 		
0x03DA	0x9883      	BCF         LCD_D4, BitPos(LCD_D4+0) 
;__Lib_Lcd.c,149 :: 		
0x03DC	0x8284      	BSF         LCD_EN, BitPos(LCD_EN+0) 
;__Lib_Lcd.c,150 :: 		
0x03DE	0xDE29      	RCALL       _Delay_1us
;__Lib_Lcd.c,151 :: 		
0x03E0	0x9284      	BCF         LCD_EN, BitPos(LCD_EN+0) 
;__Lib_Lcd.c,152 :: 		
0x03E2	0xDE1C      	RCALL       _Delay_5500us
;__Lib_Lcd.c,155 :: 		
0x03E4	0x8284      	BSF         LCD_EN, BitPos(LCD_EN+0) 
;__Lib_Lcd.c,156 :: 		
0x03E6	0xDE25      	RCALL       _Delay_1us
;__Lib_Lcd.c,157 :: 		
0x03E8	0x9284      	BCF         LCD_EN, BitPos(LCD_EN+0) 
;__Lib_Lcd.c,159 :: 		
0x03EA	0x8883      	BSF         LCD_D4, BitPos(LCD_D4+0) 
;__Lib_Lcd.c,160 :: 		
0x03EC	0x8284      	BSF         LCD_EN, BitPos(LCD_EN+0) 
;__Lib_Lcd.c,161 :: 		
0x03EE	0xDE21      	RCALL       _Delay_1us
;__Lib_Lcd.c,162 :: 		
0x03F0	0x9284      	BCF         LCD_EN, BitPos(LCD_EN+0) 
;__Lib_Lcd.c,163 :: 		
0x03F2	0xDE14      	RCALL       _Delay_5500us
;__Lib_Lcd.c,166 :: 		
0x03F4	0x9883      	BCF         LCD_D4, BitPos(LCD_D4+0) 
;__Lib_Lcd.c,167 :: 		
0x03F6	0x8284      	BSF         LCD_EN, BitPos(LCD_EN+0) 
;__Lib_Lcd.c,168 :: 		
0x03F8	0xDE1C      	RCALL       _Delay_1us
;__Lib_Lcd.c,169 :: 		
0x03FA	0x9284      	BCF         LCD_EN, BitPos(LCD_EN+0) 
;__Lib_Lcd.c,171 :: 		
0x03FC	0x8E83      	BSF         LCD_D7, BitPos(LCD_D7+0) 
;__Lib_Lcd.c,172 :: 		
0x03FE	0x8C83      	BSF         LCD_D6, BitPos(LCD_D6+0) 
;__Lib_Lcd.c,173 :: 		
0x0400	0x8A83      	BSF         LCD_D5, BitPos(LCD_D5+0) 
;__Lib_Lcd.c,174 :: 		
0x0402	0x8883      	BSF         LCD_D4, BitPos(LCD_D4+0) 
;__Lib_Lcd.c,175 :: 		
0x0404	0x8284      	BSF         LCD_EN, BitPos(LCD_EN+0) 
;__Lib_Lcd.c,176 :: 		
0x0406	0xDE15      	RCALL       _Delay_1us
;__Lib_Lcd.c,177 :: 		
0x0408	0x9284      	BCF         LCD_EN, BitPos(LCD_EN+0) 
;__Lib_Lcd.c,179 :: 		
0x040A	0xDE08      	RCALL       _Delay_5500us
;__Lib_Lcd.c,181 :: 		
0x040C	0x803D      	BSF         __Lib_Lcd_cmd_status, BitPos(__Lib_Lcd_cmd_status+0) 
;__Lib_Lcd.c,182 :: 		
L_end_Lcd_Init:
0x040E	0x0012      	RETURN      0
; end of _Lcd_Init
_UART1_Init:
;__Lib_UART_c67d67.c,20 :: 		
;__Lib_UART_c67d67.c,23 :: 		
0x0410	0x0E42      	MOVLW       _UART1_Write
0x0412	0x6E46      	MOVWF       _UART_Wr_Ptr 
0x0414	0x0E00      	MOVLW       hi_addr(_UART1_Write)
0x0416	0x6E47      	MOVWF       _UART_Wr_Ptr+1 
0x0418	0x0E61      	MOVLW       FARG_UART1_Write_data_
0x041A	0x6E48      	MOVWF       _UART_Wr_Ptr+2 
0x041C	0x0E00      	MOVLW       hi_addr(FARG_UART1_Write_data_)
0x041E	0x6E49      	MOVWF       _UART_Wr_Ptr+3 
;__Lib_UART_c67d67.c,24 :: 		
0x0420	0x0EFF      	MOVLW       _UART1_Read
0x0422	0x6E4A      	MOVWF       _UART_Rd_Ptr 
0x0424	0x0EFF      	MOVLW       hi_addr(_UART1_Read)
0x0426	0x6E4B      	MOVWF       _UART_Rd_Ptr+1 
0x0428	0x0E00      	MOVLW       0
0x042A	0x6E4C      	MOVWF       _UART_Rd_Ptr+2 
0x042C	0x0E00      	MOVLW       0
0x042E	0x6E4D      	MOVWF       _UART_Rd_Ptr+3 
;__Lib_UART_c67d67.c,25 :: 		
0x0430	0x0EFF      	MOVLW       _UART1_Data_Ready
0x0432	0x6E3E      	MOVWF       _UART_Rdy_Ptr 
0x0434	0x0EFF      	MOVLW       hi_addr(_UART1_Data_Ready)
0x0436	0x6E3F      	MOVWF       _UART_Rdy_Ptr+1 
0x0438	0x0E00      	MOVLW       0
0x043A	0x6E40      	MOVWF       _UART_Rdy_Ptr+2 
0x043C	0x0E00      	MOVLW       0
0x043E	0x6E41      	MOVWF       _UART_Rdy_Ptr+3 
;__Lib_UART_c67d67.c,26 :: 		
0x0440	0x0EFF      	MOVLW       _UART1_Tx_Idle
0x0442	0x6E42      	MOVWF       _UART_Tx_Idle_Ptr 
0x0444	0x0EFF      	MOVLW       hi_addr(_UART1_Tx_Idle)
0x0446	0x6E43      	MOVWF       _UART_Tx_Idle_Ptr+1 
0x0448	0x0E00      	MOVLW       0
0x044A	0x6E44      	MOVWF       _UART_Tx_Idle_Ptr+2 
0x044C	0x0E00      	MOVLW       0
0x044E	0x6E45      	MOVWF       _UART_Tx_Idle_Ptr+3 
;__Lib_UART_c67d67.c,28 :: 		
0x0450	0x8AAC      	BSF         TXSTA, 5 
;__Lib_UART_c67d67.c,29 :: 		
0x0452	0x0E90      	MOVLW       144
0x0454	0x6EAB      	MOVWF       RCSTA 
;__Lib_UART_c67d67.c,30 :: 		
0x0456	0x8E94      	BSF         TRISC7_bit, BitPos(TRISC7_bit+0) 
;__Lib_UART_c67d67.c,31 :: 		
0x0458	0x9C94      	BCF         TRISC6_bit, BitPos(TRISC6_bit+0) 
;__Lib_UART_c67d67.c,33 :: 		
L_UART1_Init0:
0x045A	0xAA9E      	BTFSS       PIR1, 5 
0x045C	0xD003      	BRA         L_UART1_Init1
;__Lib_UART_c67d67.c,34 :: 		
0x045E	0xF000CFAE  	MOVFF       RCREG, R0
0x0462	0xD7FB      	BRA         L_UART1_Init0
L_UART1_Init1:
;__Lib_UART_c67d67.c,35 :: 		
L_end_UART1_Init:
0x0464	0x0012      	RETURN      0
; end of _UART1_Init
___CC2DW:
;__Lib_System.c,21 :: 		
;__Lib_System.c,23 :: 		
_CC2DL_Loop1:
;__Lib_System.c,24 :: 		
0x0466	0x0009      	TBLRD*+
;__Lib_System.c,25 :: 		
0x0468	0xFFE6CFF5  	MOVFF       TABLAT, POSTINC1
;__Lib_System.c,26 :: 		
0x046C	0x0600      	DECF        R0, 1, 0
;__Lib_System.c,27 :: 		
0x046E	0xE1FB      	BNZ         _CC2DL_Loop1
;__Lib_System.c,28 :: 		
0x0470	0x0601      	DECF        R1, 1, 0
;__Lib_System.c,29 :: 		
0x0472	0xE1F9      	BNZ         _CC2DL_Loop1
;__Lib_System.c,31 :: 		
L_end___CC2DW:
0x0474	0x0012      	RETURN      0
; end of ___CC2DW
_update:
;keboard.c,28 :: 		void update(){
;keboard.c,31 :: 		if(check_button(&m.keys[0]))
0x0476	0x0E26      	MOVLW       _m+10
0x0478	0x6E58      	MOVWF       FARG_check_button_b 
0x047A	0x0E00      	MOVLW       hi_addr(_m+10)
0x047C	0x6E59      	MOVWF       FARG_check_button_b+1 
0x047E	0xDE5C      	RCALL       _check_button
0x0480	0x5200      	MOVF        R0, 1 
0x0482	0xB4D8      	BTFSC       STATUS, 2 
0x0484	0xD07D      	BRA         L_update9
;keboard.c,32 :: 		INCREMENT(m.value[m.focus],0,9,-1);
0x0486	0xF000C01C  	MOVFF       _m, R0
0x048A	0xF001C01D  	MOVFF       _m+1, R1
0x048E	0x3600      	RLCF        R0, 1 
0x0490	0x9000      	BCF         R0, 0 
0x0492	0x3601      	RLCF        R1, 1 
0x0494	0x0E1E      	MOVLW       _m+2
0x0496	0x2400      	ADDWF       R0, 0 
0x0498	0x6E02      	MOVWF       R2 
0x049A	0x0E00      	MOVLW       hi_addr(_m+2)
0x049C	0x2001      	ADDWFC      R1, 0 
0x049E	0x6E03      	MOVWF       R3 
0x04A0	0xFFE9C002  	MOVFF       R2, FSR0L
0x04A4	0xFFEAC003  	MOVFF       R3, FSR0H
0x04A8	0x0EFF      	MOVLW       255
0x04AA	0x24EE      	ADDWF       POSTINC0, 0 
0x04AC	0x6E00      	MOVWF       R0 
0x04AE	0x0EFF      	MOVLW       255
0x04B0	0x20EE      	ADDWFC      POSTINC0, 0 
0x04B2	0x6E01      	MOVWF       R1 
0x04B4	0xFFE1C002  	MOVFF       R2, FSR1L
0x04B8	0xFFE2C003  	MOVFF       R3, FSR1H
0x04BC	0xFFE6C000  	MOVFF       R0, POSTINC1
0x04C0	0xFFE6C001  	MOVFF       R1, POSTINC1
0x04C4	0xF000C01C  	MOVFF       _m, R0
0x04C8	0xF001C01D  	MOVFF       _m+1, R1
0x04CC	0x3600      	RLCF        R0, 1 
0x04CE	0x9000      	BCF         R0, 0 
0x04D0	0x3601      	RLCF        R1, 1 
0x04D2	0x0E1E      	MOVLW       _m+2
0x04D4	0x2400      	ADDWF       R0, 0 
0x04D6	0x6E05      	MOVWF       R5 
0x04D8	0x0E00      	MOVLW       hi_addr(_m+2)
0x04DA	0x2001      	ADDWFC      R1, 0 
0x04DC	0x6E06      	MOVWF       R6 
0x04DE	0xFFE9C005  	MOVFF       R5, FSR0L
0x04E2	0xFFEAC006  	MOVFF       R6, FSR0H
0x04E6	0xF001CFEE  	MOVFF       POSTINC0, R1
0x04EA	0xF002CFEE  	MOVFF       POSTINC0, R2
0x04EE	0x0E80      	MOVLW       128
0x04F0	0x1802      	XORWF       R2, 0 
0x04F2	0x6E00      	MOVWF       R0 
0x04F4	0x0E80      	MOVLW       128
0x04F6	0x5C00      	SUBWF       R0, 0 
0x04F8	0xE102      	BNZ         L__update57
0x04FA	0x0E00      	MOVLW       0
0x04FC	0x5C01      	SUBWF       R1, 0 
L__update57:
0x04FE	0xE205      	BC          L_update10
0x0500	0x0E09      	MOVLW       9
0x0502	0x6E4E      	MOVWF       ?FLOC___updateT77 
0x0504	0x0E00      	MOVLW       0
0x0506	0x6E4F      	MOVWF       ?FLOC___updateT77+1 
0x0508	0xD032      	BRA         L_update11
L_update10:
0x050A	0xF000C01C  	MOVFF       _m, R0
0x050E	0xF001C01D  	MOVFF       _m+1, R1
0x0512	0x3600      	RLCF        R0, 1 
0x0514	0x9000      	BCF         R0, 0 
0x0516	0x3601      	RLCF        R1, 1 
0x0518	0x0E1E      	MOVLW       _m+2
0x051A	0x2400      	ADDWF       R0, 0 
0x051C	0x6EE9      	MOVWF       FSR0L 
0x051E	0x0E00      	MOVLW       hi_addr(_m+2)
0x0520	0x2001      	ADDWFC      R1, 0 
0x0522	0x6EEA      	MOVWF       FSR0L+1 
0x0524	0xF001CFEE  	MOVFF       POSTINC0, R1
0x0528	0xF002CFEE  	MOVFF       POSTINC0, R2
0x052C	0x0E80      	MOVLW       128
0x052E	0x6E00      	MOVWF       R0 
0x0530	0x0E80      	MOVLW       128
0x0532	0x1802      	XORWF       R2, 0 
0x0534	0x5C00      	SUBWF       R0, 0 
0x0536	0xE102      	BNZ         L__update58
0x0538	0x5001      	MOVF        R1, 0 
0x053A	0x0809      	SUBLW       9
L__update58:
0x053C	0xE203      	BC          L_update12
0x053E	0x6A03      	CLRF        R3 
0x0540	0x6A04      	CLRF        R4 
0x0542	0xD011      	BRA         L_update13
L_update12:
0x0544	0xF000C01C  	MOVFF       _m, R0
0x0548	0xF001C01D  	MOVFF       _m+1, R1
0x054C	0x3600      	RLCF        R0, 1 
0x054E	0x9000      	BCF         R0, 0 
0x0550	0x3601      	RLCF        R1, 1 
0x0552	0x0E1E      	MOVLW       _m+2
0x0554	0x2400      	ADDWF       R0, 0 
0x0556	0x6EE9      	MOVWF       FSR0L 
0x0558	0x0E00      	MOVLW       hi_addr(_m+2)
0x055A	0x2001      	ADDWFC      R1, 0 
0x055C	0x6EEA      	MOVWF       FSR0L+1 
0x055E	0xF003CFEE  	MOVFF       POSTINC0, R3
0x0562	0xF004CFEE  	MOVFF       POSTINC0, R4
L_update13:
0x0566	0xF04EC003  	MOVFF       R3, ?FLOC___updateT77
0x056A	0xF04FC004  	MOVFF       R4, ?FLOC___updateT77+1
L_update11:
0x056E	0xFFE1C005  	MOVFF       R5, FSR1L
0x0572	0xFFE2C006  	MOVFF       R6, FSR1H
0x0576	0xFFE6C04E  	MOVFF       ?FLOC___updateT77, POSTINC1
0x057A	0xFFE6C04F  	MOVFF       ?FLOC___updateT77+1, POSTINC1
0x057E	0xD12F      	BRA         L_update14
L_update9:
;keboard.c,33 :: 		else if(check_button(&m.keys[1]))
0x0580	0x0E29      	MOVLW       _m+13
0x0582	0x6E58      	MOVWF       FARG_check_button_b 
0x0584	0x0E00      	MOVLW       hi_addr(_m+13)
0x0586	0x6E59      	MOVWF       FARG_check_button_b+1 
0x0588	0xDDD7      	RCALL       _check_button
0x058A	0x5200      	MOVF        R0, 1 
0x058C	0xB4D8      	BTFSC       STATUS, 2 
0x058E	0xD07D      	BRA         L_update15
;keboard.c,34 :: 		INCREMENT(m.value[m.focus],0,9,1);
0x0590	0xF000C01C  	MOVFF       _m, R0
0x0594	0xF001C01D  	MOVFF       _m+1, R1
0x0598	0x3600      	RLCF        R0, 1 
0x059A	0x9000      	BCF         R0, 0 
0x059C	0x3601      	RLCF        R1, 1 
0x059E	0x0E1E      	MOVLW       _m+2
0x05A0	0x2400      	ADDWF       R0, 0 
0x05A2	0x6E02      	MOVWF       R2 
0x05A4	0x0E00      	MOVLW       hi_addr(_m+2)
0x05A6	0x2001      	ADDWFC      R1, 0 
0x05A8	0x6E03      	MOVWF       R3 
0x05AA	0xFFE9C002  	MOVFF       R2, FSR0L
0x05AE	0xFFEAC003  	MOVFF       R3, FSR0H
0x05B2	0x0E01      	MOVLW       1
0x05B4	0x24EE      	ADDWF       POSTINC0, 0 
0x05B6	0x6E00      	MOVWF       R0 
0x05B8	0x0E00      	MOVLW       0
0x05BA	0x20EE      	ADDWFC      POSTINC0, 0 
0x05BC	0x6E01      	MOVWF       R1 
0x05BE	0xFFE1C002  	MOVFF       R2, FSR1L
0x05C2	0xFFE2C003  	MOVFF       R3, FSR1H
0x05C6	0xFFE6C000  	MOVFF       R0, POSTINC1
0x05CA	0xFFE6C001  	MOVFF       R1, POSTINC1
0x05CE	0xF000C01C  	MOVFF       _m, R0
0x05D2	0xF001C01D  	MOVFF       _m+1, R1
0x05D6	0x3600      	RLCF        R0, 1 
0x05D8	0x9000      	BCF         R0, 0 
0x05DA	0x3601      	RLCF        R1, 1 
0x05DC	0x0E1E      	MOVLW       _m+2
0x05DE	0x2400      	ADDWF       R0, 0 
0x05E0	0x6E05      	MOVWF       R5 
0x05E2	0x0E00      	MOVLW       hi_addr(_m+2)
0x05E4	0x2001      	ADDWFC      R1, 0 
0x05E6	0x6E06      	MOVWF       R6 
0x05E8	0xFFE9C005  	MOVFF       R5, FSR0L
0x05EC	0xFFEAC006  	MOVFF       R6, FSR0H
0x05F0	0xF001CFEE  	MOVFF       POSTINC0, R1
0x05F4	0xF002CFEE  	MOVFF       POSTINC0, R2
0x05F8	0x0E80      	MOVLW       128
0x05FA	0x1802      	XORWF       R2, 0 
0x05FC	0x6E00      	MOVWF       R0 
0x05FE	0x0E80      	MOVLW       128
0x0600	0x5C00      	SUBWF       R0, 0 
0x0602	0xE102      	BNZ         L__update59
0x0604	0x0E00      	MOVLW       0
0x0606	0x5C01      	SUBWF       R1, 0 
L__update59:
0x0608	0xE205      	BC          L_update16
0x060A	0x0E09      	MOVLW       9
0x060C	0x6E50      	MOVWF       ?FLOC___updateT103 
0x060E	0x0E00      	MOVLW       0
0x0610	0x6E51      	MOVWF       ?FLOC___updateT103+1 
0x0612	0xD032      	BRA         L_update17
L_update16:
0x0614	0xF000C01C  	MOVFF       _m, R0
0x0618	0xF001C01D  	MOVFF       _m+1, R1
0x061C	0x3600      	RLCF        R0, 1 
0x061E	0x9000      	BCF         R0, 0 
0x0620	0x3601      	RLCF        R1, 1 
0x0622	0x0E1E      	MOVLW       _m+2
0x0624	0x2400      	ADDWF       R0, 0 
0x0626	0x6EE9      	MOVWF       FSR0L 
0x0628	0x0E00      	MOVLW       hi_addr(_m+2)
0x062A	0x2001      	ADDWFC      R1, 0 
0x062C	0x6EEA      	MOVWF       FSR0L+1 
0x062E	0xF001CFEE  	MOVFF       POSTINC0, R1
0x0632	0xF002CFEE  	MOVFF       POSTINC0, R2
0x0636	0x0E80      	MOVLW       128
0x0638	0x6E00      	MOVWF       R0 
0x063A	0x0E80      	MOVLW       128
0x063C	0x1802      	XORWF       R2, 0 
0x063E	0x5C00      	SUBWF       R0, 0 
0x0640	0xE102      	BNZ         L__update60
0x0642	0x5001      	MOVF        R1, 0 
0x0644	0x0809      	SUBLW       9
L__update60:
0x0646	0xE203      	BC          L_update18
0x0648	0x6A03      	CLRF        R3 
0x064A	0x6A04      	CLRF        R4 
0x064C	0xD011      	BRA         L_update19
L_update18:
0x064E	0xF000C01C  	MOVFF       _m, R0
0x0652	0xF001C01D  	MOVFF       _m+1, R1
0x0656	0x3600      	RLCF        R0, 1 
0x0658	0x9000      	BCF         R0, 0 
0x065A	0x3601      	RLCF        R1, 1 
0x065C	0x0E1E      	MOVLW       _m+2
0x065E	0x2400      	ADDWF       R0, 0 
0x0660	0x6EE9      	MOVWF       FSR0L 
0x0662	0x0E00      	MOVLW       hi_addr(_m+2)
0x0664	0x2001      	ADDWFC      R1, 0 
0x0666	0x6EEA      	MOVWF       FSR0L+1 
0x0668	0xF003CFEE  	MOVFF       POSTINC0, R3
0x066C	0xF004CFEE  	MOVFF       POSTINC0, R4
L_update19:
0x0670	0xF050C003  	MOVFF       R3, ?FLOC___updateT103
0x0674	0xF051C004  	MOVFF       R4, ?FLOC___updateT103+1
L_update17:
0x0678	0xFFE1C005  	MOVFF       R5, FSR1L
0x067C	0xFFE2C006  	MOVFF       R6, FSR1H
0x0680	0xFFE6C050  	MOVFF       ?FLOC___updateT103, POSTINC1
0x0684	0xFFE6C051  	MOVFF       ?FLOC___updateT103+1, POSTINC1
0x0688	0xD0AA      	BRA         L_update20
L_update15:
;keboard.c,35 :: 		else if(check_button(&m.keys[2]))
0x068A	0x0E2C      	MOVLW       _m+16
0x068C	0x6E58      	MOVWF       FARG_check_button_b 
0x068E	0x0E00      	MOVLW       hi_addr(_m+16)
0x0690	0x6E59      	MOVWF       FARG_check_button_b+1 
0x0692	0xDD52      	RCALL       _check_button
0x0694	0x5200      	MOVF        R0, 1 
0x0696	0xE031      	BZ          L_update21
;keboard.c,36 :: 		INCREMENT(m.focus,0,3,1);
0x0698	0x0E01      	MOVLW       1
0x069A	0x241C      	ADDWF       _m, 0 
0x069C	0x6E00      	MOVWF       R0 
0x069E	0x0E00      	MOVLW       0
0x06A0	0x201D      	ADDWFC      _m+1, 0 
0x06A2	0x6E01      	MOVWF       R1 
0x06A4	0xF01CC000  	MOVFF       R0, _m
0x06A8	0xF01DC001  	MOVFF       R1, _m+1
0x06AC	0x0E80      	MOVLW       128
0x06AE	0x181D      	XORWF       _m+1, 0 
0x06B0	0x6E00      	MOVWF       R0 
0x06B2	0x0E80      	MOVLW       128
0x06B4	0x5C00      	SUBWF       R0, 0 
0x06B6	0xE102      	BNZ         L__update61
0x06B8	0x0E00      	MOVLW       0
0x06BA	0x5C1C      	SUBWF       _m, 0 
L__update61:
0x06BC	0xE205      	BC          L_update22
0x06BE	0x0E03      	MOVLW       3
0x06C0	0x6E52      	MOVWF       ?FLOC___updateT118 
0x06C2	0x0E00      	MOVLW       0
0x06C4	0x6E53      	MOVWF       ?FLOC___updateT118+1 
0x06C6	0xD014      	BRA         L_update23
L_update22:
0x06C8	0x0E80      	MOVLW       128
0x06CA	0x6E00      	MOVWF       R0 
0x06CC	0x0E80      	MOVLW       128
0x06CE	0x181D      	XORWF       _m+1, 0 
0x06D0	0x5C00      	SUBWF       R0, 0 
0x06D2	0xE102      	BNZ         L__update62
0x06D4	0x501C      	MOVF        _m, 0 
0x06D6	0x0803      	SUBLW       3
L__update62:
0x06D8	0xE203      	BC          L_update24
0x06DA	0x6A00      	CLRF        R0 
0x06DC	0x6A01      	CLRF        R1 
0x06DE	0xD004      	BRA         L_update25
L_update24:
0x06E0	0xF000C01C  	MOVFF       _m, R0
0x06E4	0xF001C01D  	MOVFF       _m+1, R1
L_update25:
0x06E8	0xF052C000  	MOVFF       R0, ?FLOC___updateT118
0x06EC	0xF053C001  	MOVFF       R1, ?FLOC___updateT118+1
L_update23:
0x06F0	0xF01CC052  	MOVFF       ?FLOC___updateT118, _m
0x06F4	0xF01DC053  	MOVFF       ?FLOC___updateT118+1, _m+1
0x06F8	0xD072      	BRA         L_update26
L_update21:
;keboard.c,37 :: 		else if(check_button(&m.keys[3]))
0x06FA	0x0E2F      	MOVLW       _m+19
0x06FC	0x6E58      	MOVWF       FARG_check_button_b 
0x06FE	0x0E00      	MOVLW       hi_addr(_m+19)
0x0700	0x6E59      	MOVWF       FARG_check_button_b+1 
0x0702	0xDD1A      	RCALL       _check_button
0x0704	0x5200      	MOVF        R0, 1 
0x0706	0xE031      	BZ          L_update27
;keboard.c,38 :: 		INCREMENT(m.focus,0,3,-1);
0x0708	0x0EFF      	MOVLW       255
0x070A	0x241C      	ADDWF       _m, 0 
0x070C	0x6E01      	MOVWF       R1 
0x070E	0x0EFF      	MOVLW       255
0x0710	0x201D      	ADDWFC      _m+1, 0 
0x0712	0x6E02      	MOVWF       R2 
0x0714	0xF01CC001  	MOVFF       R1, _m
0x0718	0xF01DC002  	MOVFF       R2, _m+1
0x071C	0x0E80      	MOVLW       128
0x071E	0x1802      	XORWF       R2, 0 
0x0720	0x6E00      	MOVWF       R0 
0x0722	0x0E80      	MOVLW       128
0x0724	0x5C00      	SUBWF       R0, 0 
0x0726	0xE102      	BNZ         L__update63
0x0728	0x0E00      	MOVLW       0
0x072A	0x5C01      	SUBWF       R1, 0 
L__update63:
0x072C	0xE205      	BC          L_update28
0x072E	0x0E03      	MOVLW       3
0x0730	0x6E54      	MOVWF       ?FLOC___updateT125 
0x0732	0x0E00      	MOVLW       0
0x0734	0x6E55      	MOVWF       ?FLOC___updateT125+1 
0x0736	0xD014      	BRA         L_update29
L_update28:
0x0738	0x0E80      	MOVLW       128
0x073A	0x6E00      	MOVWF       R0 
0x073C	0x0E80      	MOVLW       128
0x073E	0x181D      	XORWF       _m+1, 0 
0x0740	0x5C00      	SUBWF       R0, 0 
0x0742	0xE102      	BNZ         L__update64
0x0744	0x501C      	MOVF        _m, 0 
0x0746	0x0803      	SUBLW       3
L__update64:
0x0748	0xE203      	BC          L_update30
0x074A	0x6A00      	CLRF        R0 
0x074C	0x6A01      	CLRF        R1 
0x074E	0xD004      	BRA         L_update31
L_update30:
0x0750	0xF000C01C  	MOVFF       _m, R0
0x0754	0xF001C01D  	MOVFF       _m+1, R1
L_update31:
0x0758	0xF054C000  	MOVFF       R0, ?FLOC___updateT125
0x075C	0xF055C001  	MOVFF       R1, ?FLOC___updateT125+1
L_update29:
0x0760	0xF01CC054  	MOVFF       ?FLOC___updateT125, _m
0x0764	0xF01DC055  	MOVFF       ?FLOC___updateT125+1, _m+1
0x0768	0xD03A      	BRA         L_update32
L_update27:
;keboard.c,39 :: 		else if(check_button(&m.keys[4])){
0x076A	0x0E32      	MOVLW       _m+22
0x076C	0x6E58      	MOVWF       FARG_check_button_b 
0x076E	0x0E00      	MOVLW       hi_addr(_m+22)
0x0770	0x6E59      	MOVWF       FARG_check_button_b+1 
0x0772	0xDCE2      	RCALL       _check_button
0x0774	0x5200      	MOVF        R0, 1 
0x0776	0xE033      	BZ          L_update33
;keboard.c,40 :: 		send();
0x0778	0xDD6E      	RCALL       _send
;keboard.c,41 :: 		Lcd_Cmd(_LCD_CLEAR);
0x077A	0x0E01      	MOVLW       1
0x077C	0x6F61      	MOVWF       FARG_Lcd_Cmd_out_char, 1
0x077E	0xDC68      	RCALL       _Lcd_Cmd
;keboard.c,42 :: 		Lcd_Out(1,1,"Sending");
0x0780	0x0E01      	MOVLW       1
0x0782	0x6E58      	MOVWF       FARG_Lcd_Out_row 
0x0784	0x0E01      	MOVLW       1
0x0786	0x6E59      	MOVWF       FARG_Lcd_Out_column 
0x0788	0x0E35      	MOVLW       ?lstr1_keboard
0x078A	0x6E5A      	MOVWF       FARG_Lcd_Out_text 
0x078C	0x0E00      	MOVLW       hi_addr(?lstr1_keboard)
0x078E	0x6E5B      	MOVWF       FARG_Lcd_Out_text+1 
0x0790	0xDDB7      	RCALL       _Lcd_Out
;keboard.c,43 :: 		PORTC.RC1 = 1;
0x0792	0x8282      	BSF         PORTC, 1 
;keboard.c,44 :: 		for(i = 0; i < 3; i++){
0x0794	0x6A56      	CLRF        update_i_L0 
0x0796	0x6A57      	CLRF        update_i_L0+1 
L_update34:
0x0798	0x0E80      	MOVLW       128
0x079A	0x1857      	XORWF       update_i_L0+1, 0 
0x079C	0x6E00      	MOVWF       R0 
0x079E	0x0E80      	MOVLW       128
0x07A0	0x5C00      	SUBWF       R0, 0 
0x07A2	0xE102      	BNZ         L__update65
0x07A4	0x0E03      	MOVLW       3
0x07A6	0x5C56      	SUBWF       update_i_L0, 0 
L__update65:
0x07A8	0xE214      	BC          L_update35
;keboard.c,45 :: 		Lcd_Chr_CP('.');
0x07AA	0x0E2E      	MOVLW       46
0x07AC	0x6E5D      	MOVWF       FARG_Lcd_Chr_CP_out_char 
0x07AE	0xDC8F      	RCALL       _Lcd_Chr_CP
;keboard.c,46 :: 		delay_ms(1000);
0x07B0	0x0E0B      	MOVLW       11
0x07B2	0x6E0B      	MOVWF       R11, 0
0x07B4	0x0E26      	MOVLW       38
0x07B6	0x6E0C      	MOVWF       R12, 0
0x07B8	0x0E5D      	MOVLW       93
0x07BA	0x6E0D      	MOVWF       R13, 0
L_update37:
0x07BC	0x2E0D      	DECFSZ      R13, 1, 0
0x07BE	0xD7FE      	BRA         L_update37
0x07C0	0x2E0C      	DECFSZ      R12, 1, 0
0x07C2	0xD7FC      	BRA         L_update37
0x07C4	0x2E0B      	DECFSZ      R11, 1, 0
0x07C6	0xD7FA      	BRA         L_update37
0x07C8	0x0000      	NOP
0x07CA	0x0000      	NOP
;keboard.c,44 :: 		for(i = 0; i < 3; i++){
0x07CC	0x4A56      	INFSNZ      update_i_L0, 1 
0x07CE	0x2A57      	INCF        update_i_L0+1, 1 
;keboard.c,47 :: 		}
0x07D0	0xD7E3      	BRA         L_update34
L_update35:
0x07D2	0x0100      	MOVLB       0
;keboard.c,48 :: 		Lcd_Cmd(_LCD_CLEAR);
0x07D4	0x0E01      	MOVLW       1
0x07D6	0x6F61      	MOVWF       FARG_Lcd_Cmd_out_char, 1
0x07D8	0xDC3B      	RCALL       _Lcd_Cmd
;keboard.c,49 :: 		PORTC.RC1 = 0;
0x07DA	0x9282      	BCF         PORTC, 1 
;keboard.c,50 :: 		return;
0x07DC	0xD04E      	BRA         L_end_update
;keboard.c,51 :: 		}
L_update33:
L_update32:
L_update26:
L_update20:
L_update14:
;keboard.c,53 :: 		Lcd_Out(1,1,"x:");
0x07DE	0x0E01      	MOVLW       1
0x07E0	0x6E58      	MOVWF       FARG_Lcd_Out_row 
0x07E2	0x0E01      	MOVLW       1
0x07E4	0x6E59      	MOVWF       FARG_Lcd_Out_column 
0x07E6	0x0E15      	MOVLW       ?lstr2_keboard
0x07E8	0x6E5A      	MOVWF       FARG_Lcd_Out_text 
0x07EA	0x0E00      	MOVLW       hi_addr(?lstr2_keboard)
0x07EC	0x6E5B      	MOVWF       FARG_Lcd_Out_text+1 
0x07EE	0xDD88      	RCALL       _Lcd_Out
;keboard.c,54 :: 		for(i = 0; i < 2; i++)
0x07F0	0x6A56      	CLRF        update_i_L0 
0x07F2	0x6A57      	CLRF        update_i_L0+1 
L_update38:
0x07F4	0x0E80      	MOVLW       128
0x07F6	0x1857      	XORWF       update_i_L0+1, 0 
0x07F8	0x6E00      	MOVWF       R0 
0x07FA	0x0E80      	MOVLW       128
0x07FC	0x5C00      	SUBWF       R0, 0 
0x07FE	0xE102      	BNZ         L__update66
0x0800	0x0E02      	MOVLW       2
0x0802	0x5C56      	SUBWF       update_i_L0, 0 
L__update66:
0x0804	0xE214      	BC          L_update39
;keboard.c,55 :: 		Lcd_Chr_CP(m.value[i] + TO_CHAR);
0x0806	0xF000C056  	MOVFF       update_i_L0, R0
0x080A	0xF001C057  	MOVFF       update_i_L0+1, R1
0x080E	0x3600      	RLCF        R0, 1 
0x0810	0x9000      	BCF         R0, 0 
0x0812	0x3601      	RLCF        R1, 1 
0x0814	0x0E1E      	MOVLW       _m+2
0x0816	0x2400      	ADDWF       R0, 0 
0x0818	0x6EE9      	MOVWF       FSR0L 
0x081A	0x0E00      	MOVLW       hi_addr(_m+2)
0x081C	0x2001      	ADDWFC      R1, 0 
0x081E	0x6EEA      	MOVWF       FSR0L+1 
0x0820	0x0E30      	MOVLW       48
0x0822	0x24EE      	ADDWF       POSTINC0, 0 
0x0824	0x6E5D      	MOVWF       FARG_Lcd_Chr_CP_out_char 
0x0826	0xDC53      	RCALL       _Lcd_Chr_CP
;keboard.c,54 :: 		for(i = 0; i < 2; i++)
0x0828	0x4A56      	INFSNZ      update_i_L0, 1 
0x082A	0x2A57      	INCF        update_i_L0+1, 1 
;keboard.c,55 :: 		Lcd_Chr_CP(m.value[i] + TO_CHAR);
0x082C	0xD7E3      	BRA         L_update38
L_update39:
;keboard.c,57 :: 		Lcd_Out_CP(" y:");
0x082E	0x0E18      	MOVLW       ?lstr3_keboard
0x0830	0x6E58      	MOVWF       FARG_Lcd_Out_CP_text 
0x0832	0x0E00      	MOVLW       hi_addr(?lstr3_keboard)
0x0834	0x6E59      	MOVWF       FARG_Lcd_Out_CP_text+1 
0x0836	0xDC6B      	RCALL       _Lcd_Out_CP
;keboard.c,58 :: 		for(i = 2; i < 4; i++)
0x0838	0x0E02      	MOVLW       2
0x083A	0x6E56      	MOVWF       update_i_L0 
0x083C	0x0E00      	MOVLW       0
0x083E	0x6E57      	MOVWF       update_i_L0+1 
L_update41:
0x0840	0x0E80      	MOVLW       128
0x0842	0x1857      	XORWF       update_i_L0+1, 0 
0x0844	0x6E00      	MOVWF       R0 
0x0846	0x0E80      	MOVLW       128
0x0848	0x5C00      	SUBWF       R0, 0 
0x084A	0xE102      	BNZ         L__update67
0x084C	0x0E04      	MOVLW       4
0x084E	0x5C56      	SUBWF       update_i_L0, 0 
L__update67:
0x0850	0xE214      	BC          L_update42
;keboard.c,59 :: 		Lcd_Chr_CP(m.value[i] + TO_CHAR);
0x0852	0xF000C056  	MOVFF       update_i_L0, R0
0x0856	0xF001C057  	MOVFF       update_i_L0+1, R1
0x085A	0x3600      	RLCF        R0, 1 
0x085C	0x9000      	BCF         R0, 0 
0x085E	0x3601      	RLCF        R1, 1 
0x0860	0x0E1E      	MOVLW       _m+2
0x0862	0x2400      	ADDWF       R0, 0 
0x0864	0x6EE9      	MOVWF       FSR0L 
0x0866	0x0E00      	MOVLW       hi_addr(_m+2)
0x0868	0x2001      	ADDWFC      R1, 0 
0x086A	0x6EEA      	MOVWF       FSR0L+1 
0x086C	0x0E30      	MOVLW       48
0x086E	0x24EE      	ADDWF       POSTINC0, 0 
0x0870	0x6E5D      	MOVWF       FARG_Lcd_Chr_CP_out_char 
0x0872	0xDC2D      	RCALL       _Lcd_Chr_CP
;keboard.c,58 :: 		for(i = 2; i < 4; i++)
0x0874	0x4A56      	INFSNZ      update_i_L0, 1 
0x0876	0x2A57      	INCF        update_i_L0+1, 1 
;keboard.c,59 :: 		Lcd_Chr_CP(m.value[i] + TO_CHAR);
0x0878	0xD7E3      	BRA         L_update41
L_update42:
;keboard.c,60 :: 		}
L_end_update:
0x087A	0x0012      	RETURN      0
; end of _update
_main:
0x087C	0xF004EC6C  	CALL        2264, 0
;MyProject.c,18 :: 		int main(){
;MyProject.c,19 :: 		ADCON1 = 0x0F;
0x0880	0x0E0F      	MOVLW       15
0x0882	0x6EC1      	MOVWF       ADCON1 
;MyProject.c,20 :: 		Keyboard_Init();
0x0884	0x0E1F      	MOVLW       31
0x0886	0x1293      	IORWF       TRISB, 1 
0x0888	0x9294      	BCF         TRISC, 1 
;MyProject.c,22 :: 		UART1_Init(9600);
0x088A	0x86B8      	BSF         BAUDCON, 3, 0
0x088C	0x6AB0      	CLRF        SPBRGH 
0x088E	0x0ECF      	MOVLW       207
0x0890	0x6EAF      	MOVWF       SPBRG 
0x0892	0x84AC      	BSF         TXSTA, 2, 0
0x0894	0xDDBD      	RCALL       _UART1_Init
;MyProject.c,23 :: 		Lcd_Init();
0x0896	0xDD71      	RCALL       _Lcd_Init
;MyProject.c,24 :: 		Lcd_Cmd(_LCD_CURSOR_OFF);
0x0898	0x0E0C      	MOVLW       12
0x089A	0x0100      	MOVLB       0
0x089C	0x6F61      	MOVWF       FARG_Lcd_Cmd_out_char, 1
0x089E	0xF000EC28  	CALL        _Lcd_Cmd, 0
;MyProject.c,25 :: 		Lcd_Cmd(_LCD_CLEAR);
0x08A2	0x0E01      	MOVLW       1
0x08A4	0x6F61      	MOVWF       FARG_Lcd_Cmd_out_char, 1
0x08A6	0xF000EC28  	CALL        _Lcd_Cmd, 0
;MyProject.c,27 :: 		while(1){
L_main0:
;MyProject.c,28 :: 		update();
0x08AA	0xDDE5      	RCALL       _update
;MyProject.c,29 :: 		}
0x08AC	0xD7FE      	BRA         L_main0
;MyProject.c,31 :: 		}
L_end_main:
0x08AE	0xD7FF      	BRA         $+0
; end of _main
0x08D8	0xF015EE10  	LFSR        1, 21
0x08DC	0x0E28      	MOVLW       40
0x08DE	0x6E00      	MOVWF       R0 
0x08E0	0x0E01      	MOVLW       1
0x08E2	0x6E01      	MOVWF       R1 
0x08E4	0x0EB0      	MOVLW       176
0x08E6	0x6EF6      	MOVWF       4086 
0x08E8	0x0E08      	MOVLW       8
0x08EA	0x6EF7      	MOVWF       TBLPTRH 
0x08EC	0x0E00      	MOVLW       0
0x08EE	0x6EF8      	MOVWF       TBLPTRU 
0x08F0	0xF002EC33  	CALL        1126, 0
0x08F4	0x0012      	RETURN      0
;keboard.c,0 :: ?ICS?lstr2_keboard
0x08B0	0x3A78 ;?ICS?lstr2_keboard+0
0x08B2	0x00 ;?ICS?lstr2_keboard+2
; end of ?ICS?lstr2_keboard
;keboard.c,0 :: ?ICS?lstr3_keboard
0x08B3	0x7920 ;?ICS?lstr3_keboard+0
0x08B5	0x003A ;?ICS?lstr3_keboard+2
; end of ?ICS?lstr3_keboard
;keboard.c,0 :: ?ICS_m
0x08B7	0x0000 ;?ICS_m+0
0x08B9	0x0000 ;?ICS_m+2
0x08BB	0x0001 ;?ICS_m+4
0x08BD	0x0002 ;?ICS_m+6
0x08BF	0x0003 ;?ICS_m+8
0x08C1	0x0100 ;?ICS_m+10
0x08C3	0x0000 ;?ICS_m+12
0x08C5	0x0101 ;?ICS_m+14
0x08C7	0x0100 ;?ICS_m+16
0x08C9	0x0002 ;?ICS_m+18
0x08CB	0x0301 ;?ICS_m+20
0x08CD	0x0100 ;?ICS_m+22
0x08CF	0x04 ;?ICS_m+24
; end of ?ICS_m
;keboard.c,0 :: ?ICS?lstr1_keboard
0x08D0	0x6553 ;?ICS?lstr1_keboard+0
0x08D2	0x646E ;?ICS?lstr1_keboard+2
0x08D4	0x6E69 ;?ICS?lstr1_keboard+4
0x08D6	0x0067 ;?ICS?lstr1_keboard+6
; end of ?ICS?lstr1_keboard
Symbol List:
//** Routines locations **
//ADDRESS    SIZE    PROCEDURE
//----------------------------------------------
0x001C      [22]    _Delay_5500us
0x0032       [6]    _Delay_1us
0x0038      [10]    _Delay_50us
0x0042      [14]    _UART1_Write
0x0050     [126]    _Lcd_Cmd
0x00CE      [12]    _Lcd_Chr_CP
0x00DA      [52]    _UART1_Write_Text
0x010E      [42]    _Lcd_Out_CP
0x0138     [286]    _check_button
0x0256     [170]    _send
0x0300     [122]    _Lcd_Out
0x037A     [150]    _Lcd_Init
0x0410      [86]    _UART1_Init
0x0466      [16]    ___CC2DW
0x0476    [1030]    _update
0x087C      [52]    _main
//** Variables locations ** 
//ADDRESS    SIZE    VARIABLE
//----------------------------------------------
0x0000       [1]    UART1_Init_tmp_L0
0x0000       [1]    UART2_Init_tmp_L0
0x0000       [1]    R0
0x0001       [1]    tc_tecla_i_L0
0x0001       [1]    UART1_Read___tmp_UART1_Read_L0
0x0001       [1]    R1
0x0001       [1]    UART2_Read___tmp_UART2_Read_L0
0x0002       [1]    R2
0x0002       [1]    tc_tecla_tmp_L0
0x0003       [1]    R3
0x0004       [1]    R4
0x0005       [1]    R5
0x0006       [1]    R6
0x0007       [1]    R7
0x0008       [1]    R8
0x0009       [1]    R9
0x000A       [1]    R10
0x000B       [1]    R11
0x000C       [1]    R12
0x000D       [1]    R13
0x000E       [1]    R14
0x000F       [1]    R15
0x0010       [1]    R16
0x0011       [1]    R17
0x0012       [1]    R18
0x0013       [1]    R19
0x0014       [1]    R20
0x0015       [3]    ?lstr2_keboard
0x0018       [4]    ?lstr3_keboard
0x001C      [25]    _m
0x0035       [8]    ?lstr1_keboard
0x003D       [0]    __Lib_Lcd_cmd_status
0x003E       [4]    _UART_Rdy_Ptr
0x0042       [4]    _UART_Tx_Idle_Ptr
0x0046       [4]    _UART_Wr_Ptr
0x004A       [4]    _UART_Rd_Ptr
0x004E       [2]    ?FLOC___updateT77
0x0050       [2]    ?FLOC___updateT103
0x0052       [2]    ?FLOC___updateT118
0x0054       [2]    ?FLOC___updateT125
0x0056       [2]    update_i_L0
0x0058       [2]    FARG_check_button_b
0x0058       [2]    FARG_Lcd_Out_CP_text
0x0058       [2]    send_msg_L0
0x0058       [1]    FARG_Lcd_Out_row
0x0059       [1]    FARG_Lcd_Out_column
0x005A       [2]    FARG_Lcd_Out_text
0x005A       [1]    Lcd_Out_CP_i_L0
0x005A       [2]    send_i_L0
0x005C       [1]    Lcd_Out_i_L0
0x005D       [1]    FARG_Lcd_Chr_CP_out_char
0x005D       [2]    FARG_UART1_Write_Text_uart_text
0x005F       [1]    UART1_Write_Text_data__L0
0x0060       [1]    UART1_Write_Text_counter_L0
0x0061       [1]    FARG_UART1_Write_data_
0x0061       [1]    FARG_Lcd_Cmd_out_char
0x0F81       [1]    PORTB
0x0F82       [1]    PORTC
0x0F83       [0]    LCD_D6
0x0F83       [0]    LCD_D7
0x0F83       [0]    LCD_D4
0x0F83       [0]    LCD_D5
0x0F83       [0]    RD5_bit
0x0F83       [0]    RD4_bit
0x0F83       [0]    RD7_bit
0x0F83       [0]    RD6_bit
0x0F84       [0]    LCD_RS
0x0F84       [0]    LCD_EN
0x0F84       [0]    RE2_bit
0x0F84       [0]    RE1_bit
0x0F93       [1]    TRISB
0x0F94       [0]    TRISC7_bit
0x0F94       [1]    TRISC
0x0F94       [0]    TRISC6_bit
0x0F95       [0]    TRISD5_bit
0x0F95       [0]    TRISD4_bit
0x0F95       [0]    LCD_D6_Direction
0x0F95       [0]    LCD_D7_Direction
0x0F95       [0]    LCD_D4_Direction
0x0F95       [0]    LCD_D5_Direction
0x0F95       [0]    TRISD7_bit
0x0F95       [0]    TRISD6_bit
0x0F96       [0]    LCD_RS_Direction
0x0F96       [0]    LCD_EN_Direction
0x0F96       [0]    TRISE2_bit
0x0F96       [0]    TRISE1_bit
0x0F9E       [1]    PIR1
0x0FAB       [1]    RCSTA
0x0FAC       [1]    TXSTA
0x0FAD       [1]    TXREG
0x0FAE       [1]    RCREG
0x0FAF       [1]    SPBRG
0x0FB0       [1]    SPBRGH
0x0FB8       [1]    BAUDCON
0x0FC1       [1]    ADCON1
0x0FD8       [1]    STATUS
0x0FD9       [1]    FSR2L
0x0FDA       [1]    FSR2H
0x0FDE       [1]    POSTINC2
0x0FE0       [1]    BSR
0x0FE1       [1]    FSR1L
0x0FE2       [1]    FSR1H
0x0FE4       [1]    PREINC1
0x0FE6       [1]    POSTINC1
0x0FE7       [1]    INDF1
0x0FE8       [1]    WREG
0x0FE9       [1]    FSR0L
0x0FEA       [1]    FSR0H
0x0FEE       [1]    POSTINC0
0x0FF3       [1]    PRODL
0x0FF4       [1]    PRODH
0x0FF5       [1]    TABLAT
0x0FF6       [1]    TBLPTRL
0x0FF7       [1]    TBLPTRH
0x0FF8       [1]    TBLPTRU
//** Constants locations ** 
//ADDRESS    SIZE    CONSTANT
//----------------------------------------------
0x08B0       [3]    ?ICS?lstr2_keboard
0x08B3       [4]    ?ICS?lstr3_keboard
0x08B7      [25]    ?ICS_m
0x08D0       [8]    ?ICS?lstr1_keboard
